{
    "decl": {
        "target": {
            "resolve": true,
            "name": "likimodule",
            "class": "syntaxednodecl"
        },
        "decl": "ref"
    },
    "children": {
        "statements": {
            "decl": {
                "target": {
                    "resolve": true,
                    "name": "statements",
                    "class": "nodecl"
                },
                "decl": "ref"
            },
            "items": [
                {
                    "items": [],
                    "decl": "Parser",
                    "slot": 0
                },
                {
                    "items": [
                        {
                            "decl": {
                                "target": {
                                    "resolve": true,
                                    "name": "if",
                                    "class": "syntaxednodecl"
                                },
                                "decl": "ref"
                            },
                            "children": {
                                "statements": {
                                    "decl": {
                                        "target": {
                                            "resolve": true,
                                            "name": "statements",
                                            "class": "nodecl"
                                        },
                                        "decl": "ref"
                                    },
                                    "items": [
                                        {
                                            "items": [],
                                            "decl": "Parser",
                                            "slot": 0
                                        }
                                    ]
                                },
                                "condition": {
                                    "items": [
                                        {
                                            "decl": {
                                                "decl": {
                                                    "target": {
                                                        "resolve": true,
                                                        "name": "enumtype",
                                                        "class": "syntaxednodecl"
                                                    },
                                                    "decl": "ref"
                                                },
                                                "children": {
                                                    "name": {
                                                        "decl": {
                                                            "target": {
                                                                "resolve": true,
                                                                "name": "text",
                                                                "class": "nodecl"
                                                            },
                                                            "decl": "ref"
                                                        },
                                                        "text": "bool"
                                                    },
                                                    "options": {
                                                        "decl": {
                                                            "target": {
                                                                "resolve": true,
                                                                "name": "list of anything",
                                                                "decl": {
                                                                    "target": {
                                                                        "resolve": true,
                                                                        "name": "definition",
                                                                        "class": "syntaxednodecl"
                                                                    },
                                                                    "decl": "ref"
                                                                }
                                                            },
                                                            "decl": "ref"
                                                        },
                                                        "items": [
                                                            {
                                                                "decl": {
                                                                    "target": {
                                                                        "resolve": true,
                                                                        "name": "text",
                                                                        "class": "nodecl"
                                                                    },
                                                                    "decl": "ref"
                                                                },
                                                                "text": "false"
                                                            },
                                                            {
                                                                "decl": {
                                                                    "target": {
                                                                        "resolve": true,
                                                                        "name": "text",
                                                                        "class": "nodecl"
                                                                    },
                                                                    "decl": "ref"
                                                                },
                                                                "text": "true"
                                                            }
                                                        ]
                                                    }
                                                }
                                            }
                                        }
                                    ],
                                    "decl": "Parser",
                                    "slot": "condition"
                                }
                            }
                        }
                    ],
                    "decl": "Parser",
                    "slot": 0
                },
                {
                    "items": [],
                    "decl": "Parser",
                    "slot": 0
                },
                {
                    "items": [],
                    "decl": "Parser",
                    "slot": 0
                },
                {
                    "items": [
                        {
                            "decl": {
                                "target": {
                                    "resolve": true,
                                    "name": "shellcommand",
                                    "class": "syntaxednodecl"
                                },
                                "decl": "ref"
                            },
                            "children": {
                                "command": {
                                    "decl": {
                                        "target": {
                                            "resolve": true,
                                            "name": "text",
                                            "class": "nodecl"
                                        },
                                        "decl": "ref"
                                    },
                                    "text": "xinput  --set-ptr-feedback 12 1 8999999 200000"
                                }
                            }
                        }
                    ],
                    "decl": "Parser",
                    "slot": 0
                },
                {
                    "items": [
                        {
                            "decl": {
                                "target": {
                                    "resolve": true,
                                    "name": "functioncall",
                                    "class": "functioncallnodecl"
                                },
                                "decl": "ref"
                            },
                            "target": {
                                "resolve": true,
                                "sig": {
                                    "decl": {
                                        "target": {
                                            "resolve": true,
                                            "name": "function signature list",
                                            "decl": {
                                                "target": {
                                                    "resolve": true,
                                                    "name": "definition",
                                                    "class": "syntaxednodecl"
                                                },
                                                "decl": "ref"
                                            }
                                        },
                                        "decl": "ref"
                                    },
                                    "items": [
                                        {
                                            "items": [
                                                {
                                                    "decl": {
                                                        "target": {
                                                            "resolve": true,
                                                            "name": "text",
                                                            "class": "nodecl"
                                                        },
                                                        "decl": "ref"
                                                    },
                                                    "text": "set keyboard layout to colemak with symbols on numbers"
                                                }
                                            ],
                                            "decl": "Parser",
                                            "slot": 0
                                        }
                                    ]
                                },
                                "decl": "defun"
                            },
                            "args": {}
                        }
                    ],
                    "decl": "Parser",
                    "slot": 0
                },
                {
                    "items": [
                        {
                            "decl": {
                                "target": {
                                    "resolve": true,
                                    "name": "shellcommand",
                                    "class": "syntaxednodecl"
                                },
                                "decl": "ref"
                            },
                            "children": {
                                "command": {
                                    "items": [
                                        {
                                            "decl": {
                                                "target": {
                                                    "resolve": true,
                                                    "name": "text",
                                                    "class": "nodecl"
                                                },
                                                "decl": "ref"
                                            },
                                            "text": "nohup terminator&"
                                        }
                                    ],
                                    "decl": "Parser",
                                    "slot": "command"
                                }
                            }
                        }
                    ],
                    "decl": "Parser",
                    "slot": 0
                },
                {
                    "items": [
                        {
                            "decl": {
                                "target": {
                                    "resolve": true,
                                    "name": "shellcommand",
                                    "class": "syntaxednodecl"
                                },
                                "decl": "ref"
                            },
                            "children": {
                                "command": {
                                    "items": [
                                        {
                                            "decl": {
                                                "target": {
                                                    "resolve": true,
                                                    "name": "text",
                                                    "class": "nodecl"
                                                },
                                                "decl": "ref"
                                            },
                                            "text": "xrandr --output HDMI3 --rotate left"
                                        }
                                    ],
                                    "decl": "Parser",
                                    "slot": "command"
                                }
                            }
                        }
                    ],
                    "decl": "Parser",
                    "slot": 0
                },
                {
                    "items": [
                        {
                            "decl": {
                                "target": {
                                    "resolve": true,
                                    "name": "shellcommand",
                                    "class": "syntaxednodecl"
                                },
                                "decl": "ref"
                            },
                            "children": {
                                "command": {
                                    "items": [
                                        {
                                            "decl": {
                                                "target": {
                                                    "resolve": true,
                                                    "name": "text",
                                                    "class": "nodecl"
                                                },
                                                "decl": "ref"
                                            },
                                            "text": "xrandr --output HDMI3 --mode 1600x1200"
                                        }
                                    ],
                                    "decl": "Parser",
                                    "slot": "command"
                                }
                            }
                        }
                    ],
                    "decl": "Parser",
                    "slot": 0
                },
                {
                    "items": [
                        {
                            "decl": {
                                "target": {
                                    "resolve": true,
                                    "name": "shellcommand",
                                    "class": "syntaxednodecl"
                                },
                                "decl": "ref"
                            },
                            "children": {
                                "command": {
                                    "decl": {
                                        "target": {
                                            "resolve": true,
                                            "name": "text",
                                            "class": "nodecl"
                                        },
                                        "decl": "ref"
                                    },
                                    "text": "ssh -i ~/.ssh/amazon.pem    ec2-user@ec2-54-93-67-38.eu-central-1.compute.amazonaws.com"
                                }
                            }
                        }
                    ],
                    "decl": "Parser",
                    "slot": 0
                },
                {
                    "items": [
                        "January | February | March | April | May | June | July | August | September | October | November | December"
                    ],
                    "decl": "Parser",
                    "slot": 0
                }
            ]
        },
        "file": {
            "decl": {
                "target": {
                    "resolve": true,
                    "name": "text",
                    "class": "nodecl"
                },
                "decl": "ref"
            },
            "text": "liki.lemon.json"
        }
    }
}